INFO  [2024-07-05 04:30:11] App Started
INFO  [2024-07-05 04:30:14] Prediction Requested
INFO  [2024-07-05 04:30:14] Request Payload: [
  {
    "species": "Adelie",
    "island": "Torgersen",
    "bill_length_mm": 45,
    "bill_depth_mm": 17,
    "flipper_length_mm": 200,
    "sex": "male",
    "year": 2007
  }
]
ERROR [2024-07-05 04:30:14] Error:  Failed to perform HTTP request.
INFO  [2024-07-05 04:32:01] App Started
INFO  [2024-07-05 04:32:03] Prediction Requested
INFO  [2024-07-05 04:32:03] Request Payload: [
  {
    "species": "Adelie",
    "island": "Torgersen",
    "bill_length_mm": 45,
    "bill_depth_mm": 17,
    "flipper_length_mm": 200,
    "sex": "male",
    "year": 2007
  }
]
ERROR [2024-07-05 04:32:03] Error:  Failed to perform HTTP request.
INFO  [2024-07-05 17:11:47] App Started
INFO  [2024-07-05 17:11:50] Prediction Requested
INFO  [2024-07-05 17:11:50] Request Payload: [
  {
    "species": "Adelie",
    "island": "Torgersen",
    "bill_length_mm": 45,
    "bill_depth_mm": 17,
    "flipper_length_mm": 200,
    "sex": "male",
    "year": 2007
  }
]
INFO  [2024-07-05 17:11:50] Sending Request to: http://localhost:8080/predict
ERROR [2024-07-05 17:11:50] Error:  Failed to perform HTTP request.
INFO  [2024-07-05 17:17:34] App Started
INFO  [2024-07-05 17:17:45] Prediction Requested
INFO  [2024-07-05 17:17:45] Request Payload: [
  {
    "species": "Adelie",
    "island": "Torgersen",
    "bill_length_mm": 45,
    "bill_depth_mm": 17,
    "flipper_length_mm": 200,
    "sex": "male",
    "year": 2007
  }
]
INFO  [2024-07-05 17:17:45] Sending Request to: http://localhost:8080/predict
ERROR [2024-07-05 17:17:45] Error:  Failed to perform HTTP request.
INFO  [2024-07-05 17:19:12] App Started
INFO  [2024-07-05 17:20:23] Prediction Requested
INFO  [2024-07-05 17:20:23] Request Payload: [
  {
    "species": "Adelie",
    "island": "Torgersen",
    "bill_length_mm": 45,
    "bill_depth_mm": 17,
    "flipper_length_mm": 200,
    "sex": "male",
    "year": 2007
  }
]
INFO  [2024-07-05 17:20:23] Sending Request to: http://0.0.0.0:8080/predict
ERROR [2024-07-05 17:20:23] Error:  Failed to perform HTTP request.
INFO  [2024-07-05 17:26:37] App Started
INFO  [2024-07-05 17:26:44] Prediction Requested
INFO  [2024-07-05 17:26:44] Request Payload: [
  {
    "species": "Adelie",
    "island": "Torgersen",
    "bill_length_mm": 45,
    "bill_depth_mm": 17,
    "flipper_length_mm": 200,
    "sex": "male",
    "year": 2007
  }
]
INFO  [2024-07-05 17:26:44] Sending Request to: http://model-api:8080/predict
INFO  [2024-07-05 17:26:44] API Response: [
  {
    ".pred": [4215.3918]
  }
]
